<?xml version="1.0" encoding="UTF-8"?>
<testsuite xmlns:xsi="http://www.w3.org/2001/XMLSchema-instance" xsi:noNamespaceSchemaLocation="https://maven.apache.org/surefire/maven-surefire-plugin/xsd/surefire-test-report.xsd" version="3.0.2" name="Website.Movie_Reviews.MovieReviewsApplicationTests" time="4.701" tests="1" errors="0" skipped="0" failures="0">
  <properties>
[...]
</properties>
  <testcase name="contextLoads" classname="Website.Movie_Reviews.MovieReviewsApplicationTests" time="0.65">
    <system-out><![CDATA[13:16:57.030 [main] INFO org.springframework.test.context.support.AnnotationConfigContextLoaderUtils -- Could not detect default configuration classes for test class [Website.Movie_Reviews.MovieReviewsApplicationTests]: MovieReviewsApplicationTests does not declare any static, non-private, non-final, nested classes annotated with @Configuration.
13:16:57.148 [main] INFO org.springframework.boot.test.context.SpringBootTestContextBootstrapper -- Found @SpringBootConfiguration Website.Movie_Reviews.MovieReviewsApplication for test class Website.Movie_Reviews.MovieReviewsApplicationTests
13:16:57.311 [main] INFO org.springframework.boot.devtools.restart.RestartApplicationListener -- Restart disabled due to context in which it is running

  .   ____          _            __ _ _
 /\\ / ___'_ __ _ _(_)_ __  __ _ \ \ \ \
( ( )\___ | '_ | '_| | '_ \/ _` | \ \ \ \
 \\/  ___)| |_)| | | | | || (_| |  ) ) ) )
  '  |____| .__|_| |_|_| |_\__, | / / / /
 =========|_|==============|___/=/_/_/_/

 :: Spring Boot ::                (v3.4.2)

2025-02-03T13:16:57.657+05:30  INFO 15696 --- [Movie_Reviews] [           main] W.M.MovieReviewsApplicationTests         : Starting MovieReviewsApplicationTests using Java 23.0.2 with PID 15696 (started by user in D:\Project\Movie_Spring)
2025-02-03T13:16:57.659+05:30  INFO 15696 --- [Movie_Reviews] [           main] W.M.MovieReviewsApplicationTests         : No active profile set, falling back to 1 default profile: "default"
2025-02-03T13:16:58.415+05:30  INFO 15696 --- [Movie_Reviews] [           main] .s.d.r.c.RepositoryConfigurationDelegate : Bootstrapping Spring Data JPA repositories in DEFAULT mode.
2025-02-03T13:16:58.455+05:30  INFO 15696 --- [Movie_Reviews] [           main] .s.d.r.c.RepositoryConfigurationDelegate : Finished Spring Data repository scanning in 21 ms. Found 0 JPA repository interfaces.
2025-02-03T13:16:58.884+05:30  INFO 15696 --- [Movie_Reviews] [           main] com.zaxxer.hikari.HikariDataSource       : HikariPool-1 - Starting...
2025-02-03T13:16:59.249+05:30  INFO 15696 --- [Movie_Reviews] [           main] com.zaxxer.hikari.pool.HikariPool        : HikariPool-1 - Added connection conn0: url=jdbc:h2:mem:products user=SA
2025-02-03T13:16:59.251+05:30  INFO 15696 --- [Movie_Reviews] [           main] com.zaxxer.hikari.HikariDataSource       : HikariPool-1 - Start completed.
2025-02-03T13:16:59.328+05:30  INFO 15696 --- [Movie_Reviews] [           main] o.hibernate.jpa.internal.util.LogHelper  : HHH000204: Processing PersistenceUnitInfo [name: default]
2025-02-03T13:16:59.393+05:30  INFO 15696 --- [Movie_Reviews] [           main] org.hibernate.Version                    : HHH000412: Hibernate ORM core version 6.6.5.Final
2025-02-03T13:16:59.434+05:30  INFO 15696 --- [Movie_Reviews] [           main] o.h.c.internal.RegionFactoryInitiator    : HHH000026: Second-level cache disabled
2025-02-03T13:16:59.822+05:30  INFO 15696 --- [Movie_Reviews] [           main] o.s.o.j.p.SpringPersistenceUnitInfo      : No LoadTimeWeaver setup: ignoring JPA class transformer
2025-02-03T13:16:59.911+05:30  INFO 15696 --- [Movie_Reviews] [           main] org.hibernate.orm.connections.pooling    : HHH10001005: Database info:
	Database JDBC URL [Connecting through datasource 'HikariDataSource (HikariPool-1)']
	Database driver: undefined/unknown
	Database version: 2.3.232
	Autocommit mode: undefined/unknown
	Isolation level: undefined/unknown
	Minimum pool size: undefined/unknown
	Maximum pool size: undefined/unknown
2025-02-03T13:17:00.267+05:30  INFO 15696 --- [Movie_Reviews] [           main] o.h.e.t.j.p.i.JtaPlatformInitiator       : HHH000489: No JTA platform available (set 'hibernate.transaction.jta.platform' to enable JTA platform integration)
2025-02-03T13:17:00.274+05:30  INFO 15696 --- [Movie_Reviews] [           main] j.LocalContainerEntityManagerFactoryBean : Initialized JPA EntityManagerFactory for persistence unit 'default'
2025-02-03T13:17:00.445+05:30  WARN 15696 --- [Movie_Reviews] [           main] JpaBaseConfiguration$JpaWebConfiguration : spring.jpa.open-in-view is enabled by default. Therefore, database queries may be performed during view rendering. Explicitly configure spring.jpa.open-in-view to disable this warning
2025-02-03T13:17:00.897+05:30  INFO 15696 --- [Movie_Reviews] [           main] W.M.MovieReviewsApplicationTests         : Started MovieReviewsApplicationTests in 3.597 seconds (process running for 4.63)
]]></system-out>
    <system-err><![CDATA[Mockito is currently self-attaching to enable the inline-mock-maker. This will no longer work in future releases of the JDK. Please add Mockito as an agent to your build what is described in Mockito's documentation: https://javadoc.io/doc/org.mockito/mockito-core/latest/org/mockito/Mockito.html#0.3
WARNING: A Java agent has been loaded dynamically (C:\Users\user\.m2\repository\net\bytebuddy\byte-buddy-agent\1.15.11\byte-buddy-agent-1.15.11.jar)
WARNING: If a serviceability tool is in use, please run with -XX:+EnableDynamicAgentLoading to hide this warning
WARNING: If a serviceability tool is not in use, please run with -Djdk.instrument.traceUsage for more information
WARNING: Dynamic loading of agents will be disallowed by default in a future release
]]></system-err>
  </testcase>
</testsuite>